*** APPROXIMATION ***
INSTANCE:
V 230
E 10245
K 53

** LOG:
ROOTS/OBJ:
28: 48.3182
87: 49.4231

OPT ROOT:28
OBJ:     48.3182
SOLUTION TYPE: FRACTIONAL
APPROX:           71

** TIME:
AVG. TIME for LPs:       387.086
DEFINE TERMINALS:        0.000113
STEINER SOLVER  :        0.060301
TOTAL TIME:              1545.67
** SOLUTION: feasible 
18--28:2
23--82:1
23--101:2
23--156:1
24--82:1
24--167:2
26--43:1
26--156:1
28--84:1
30--201:4
8--24:1
13--36:2
13--171:1
15--36:1
68--106:1
69--126:1
69--179:2
72--158:2
82--158:1
84--195:2
42--101:1
43--93:2
47--209:1
50--68:1
50--72:2
55--167:1
56--100:2
56--110:1
92--158:1
93--126:2
100--171:1
101--110:2
115--126:3
136--138:1
136--183:4
138--157:1
139--157:2
157--158:1
158--195:1
167--209:2
175--214:4
183--214:2
195--199:2
199--201:1
