*** APPROXIMATION ***
INSTANCE:
V 60
E 403
K 11

** LOG:
INDUCED EDGES:
12 60: 0.5
23 60: 0
48 60: 0.5
ROOT GROUP: 0
OBJ:     69.5
SOLUTION TYPE: FRACTIONAL
APPROX:           0

** TIME:
TIME for LPs:            1.06747
DEFINE TERMINALS:        0
STEINER SOLVER  :        0
TOTAL TIME:              1.06762
** SOLUTION: feasible 
6--9:9
6--31:8
6--56:8
7--49:4
7--59:12
9--12:9
9--47:14
10--13:6
10--49:25
11--54:10
11--59:11
13--38:19
22--29:3
22--31:11
24--51:3
24--59:9
29--48:5
31--44:13
32--48:18
32--54:19
38--47:8
51--56:6
