*** APPROXIMATION ***
INSTANCE:
V 160
E 3443
K 28

** LOG:
INDUCED EDGES:
20 176: 0
72 176: 0
110 176: 1
ROOT GROUP: 16
OBJ:     44.8
SOLUTION TYPE: FRACTIONAL
APPROX:           0

** TIME:
TIME for LPs:            38.4035
DEFINE TERMINALS:        0
STEINER SOLVER  :        0
TOTAL TIME:              38.4037
** SOLUTION: feasible 
1--49:1
1--54:2
1--61:6
1--101:1
2--114:1
2--149:4
9--80:1
9--147:2
13--21:3
13--137:9
15--34:5
15--71:11
16--21:8
16--97:8
16--134:2
17--112:1
17--133:3
21--24:11
21--115:2
21--149:5
24--71:15
24--77:3
25--37:4
25--41:2
25--159:2
27--89:9
27--137:2
31--71:7
31--77:5
33--35:4
33--93:1
33--145:1
34--83:4
34--107:4
35--89:2
37--133:3
39--84:1
39--141:7
41--61:6
43--54:5
43--84:3
43--86:2
43--112:5
45--83:7
45--145:5
46--49:1
48--86:3
48--93:4
49--107:2
49--110:1
49--136:4
54--55:2
54--136:3
55--85:3
55--101:3
61--115:6
61--145:5
71--134:12
77--118:2
80--142:2
84--114:1
85--92:2
89--97:10
89--119:10
92--132:4
92--150:1
97--150:3
101--138:5
103--136:1
103--142:7
110--135:8
114--118:2
114--133:3
119--159:3
120--141:1
132--135:2
133--147:2
134--159:9
135--141:2
138--154:4
154--159:1
