*** APPROXIMATION ***
INSTANCE:
V 110
E 340
K 19

** LOG:
INDUCED EDGES:
22 110: 0.5
82 110: 0.307692
94 110: 0
97 110: 0
98 110: 0.192308
ROOT GROUP: 0
OBJ:     140.135
SOLUTION TYPE: FRACTIONAL
APPROX:           0

** TIME:
TIME for LPs:            1.36078
DEFINE TERMINALS:        0
STEINER SOLVER  :        0
TOTAL TIME:              1.36095
** SOLUTION: feasible 
12--36:6
1--26:34
1--37:13
1--107:8
3--109:8
5--58:47
5--67:8
5--86:10
6--12:30
6--26:51
9--46:25
9--91:9
11--18:3
11--27:17
11--51:14
18--53:10
18--75:21
18--101:13
22--52:11
22--87:21
22--109:34
26--48:11
26--67:7
27--63:21
36--82:6
37--51:53
39--76:7
39--86:29
42--57:29
42--87:24
43--57:3
43--107:9
46--92:5
48--75:26
48--77:13
51--98:16
51--101:28
51--105:19
52--58:16
53--77:32
53--84:26
63--87:18
63--105:19
67--98:39
75--89:43
76--84:8
82--89:2
91--109:42
92--101:3
