*** APPROXIMATION ***
INSTANCE:
V 200
E 731
K 10

** LOG:
INDUCED EDGES:
15 208: 0
33 208: 0
58 208: 0
75 208: 0
79 208: 0
84 208: 0
94 208: 0.5
109 208: 0
115 208: 0
119 208: 0
127 208: 0.5
142 208: 0
189 208: 0
ROOT GROUP: 8
OBJ:     38
SOLUTION TYPE: FRACTIONAL
APPROX:           0

** TIME:
TIME for LPs:            0.818581
DEFINE TERMINALS:        0
STEINER SOLVER  :        0
TOTAL TIME:              0.81877
** SOLUTION: feasible 
1--92:3
1--170:1
45--141:2
45--170:18
82--92:4
82--153:1
94--190:18
106--127:3
106--153:20
141--145:1
145--190:5
