*** APPROXIMATION ***
INSTANCE:
V 260
E 615
K 44

** LOG:
INDUCED EDGES:
41 271: 0.297831
53 271: 0.548358
112 271: 0.153811
ROOT GROUP: 11
OBJ:     509.202
SOLUTION TYPE: FRACTIONAL
APPROX:           0

** TIME:
TIME for LPs:            29.6517
DEFINE TERMINALS:        0
STEINER SOLVER  :        0
TOTAL TIME:              29.6519
** SOLUTION: feasible 
59--100:15
0--116:32
0--131:22
0--150:5
0--256:28
1--224:10
3--224:1
6--173:74
6--199:18
7--108:31
7--186:5
11--76:29
11--258:11
14--62:18
14--102:24
16--38:26
16--109:11
16--215:10
17--94:20
17--109:6
17--120:10
20--176:19
20--177:7
22--34:47
22--154:38
22--169:19
22--204:58
22--235:25
27--55:10
27--65:13
27--157:19
30--232:5
34--234:12
37--150:27
37--196:9
38--252:4
39--59:8
39--95:25
41--44:3
42--44:14
42--134:26
43--113:10
44--206:38
45--65:23
45--70:46
45--199:16
48--224:49
48--233:14
48--252:41
51--164:6
51--178:55
53--116:18
53--157:4
55--215:58
57--103:4
59--165:2
60--73:30
60--122:8
60--256:48
62--254:1
63--112:33
63--131:37
63--235:40
65--167:30
70--79:10
70--157:16
70--252:37
71--188:15
73--206:18
76--188:12
77--95:20
77--177:16
77--231:16
82--130:14
82--191:53
83--151:39
83--178:33
85--129:11
89--185:6
89--240:17
90--240:24
90--249:61
92--129:6
92--169:3
94--209:34
97--228:9
97--233:62
97--234:2
98--134:79
98--196:13
98--217:36
100--106:6
102--130:46
102--186:17
103--147:15
103--200:65
105--123:56
105--204:1
106--130:29
107--145:6
107--185:24
107--198:14
108--196:41
109--198:6
113--185:32
113--186:5
113--200:40
114--117:2
114--191:10
115--152:12
115--238:28
117--224:28
120--177:5
122--176:63
123--151:7
123--213:43
123--249:45
126--193:9
126--203:14
129--147:68
129--238:5
129--240:52
130--193:4
134--209:100
135--145:16
135--206:6
140--173:30
140--254:30
145--204:53
145--213:45
146--202:10
146--219:49
146--255:46
147--253:29
152--171:13
152--235:11
153--251:18
153--258:31
154--161:11
161--233:12
163--187:12
163--193:5
164--167:18
167--190:7
171--202:42
173--249:12
176--234:34
187--251:22
188--235:16
190--253:11
191--199:22
193--255:25
203--256:1
217--255:13
224--253:30
231--253:5
232--253:28
234--251:31
