*** APPROXIMATION ***
INSTANCE:
V 240
E 7220
K 51

** LOG:
ROOTS/OBJ:
94: 71.4024
127: 66.5714
169: 66.5714

OPT ROOT:127
OBJ:     66.5714
SOLUTION TYPE: FRACTIONAL
APPROX:           114

** TIME:
AVG. TIME for LPs:       206.627
DEFINE TERMINALS:        0.000127
STEINER SOLVER  :        0.04383
TOTAL TIME:              1820.52
** SOLUTION: feasible 
29--38:3
29--63:2
34--187:1
36--223:2
36--237:1
72--223:2
76--203:2
77--90:1
78--191:1
81--112:3
81--134:1
81--142:3
84--93:2
84--178:4
84--215:2
89--202:2
90--93:2
92--155:6
92--178:3
95--96:2
96--161:2
96--196:4
97--114:2
97--185:2
100--181:1
101--126:1
101--160:1
101--192:1
114--127:1
115--183:4
41--57:2
41--92:2
41--100:1
41--112:3
41--149:1
45--63:2
45--85:1
57--85:1
61--96:2
61--119:1
63--236:1
9--16:1
16--45:1
16--202:3
119--169:1
119--229:1
126--134:2
149--185:2
149--201:2
160--188:1
161--192:1
165--169:1
169--187:1
176--191:2
176--214:1
183--236:2
189--203:2
189--215:2
189--237:3
214--229:4
