*** APPROXIMATION ***
INSTANCE:
V 200
E 3886
K 48

** LOG:
ROOTS/OBJ:
31: 116.25
149: 115.65

OPT ROOT:149
OBJ:     115.65
SOLUTION TYPE: FRACTIONAL
APPROX:           182

** TIME:
AVG. TIME for LPs:       112.226
DEFINE TERMINALS:        9.5e-05
STEINER SOLVER  :        0.026634
TOTAL TIME:              2153.35
** SOLUTION: feasible 
62--127:6
65--142:2
67--83:2
71--143:4
73--172:2
75--152:10
10--62:4
20--152:5
3--83:2
4--33:1
4--67:3
4--125:1
4--132:6
30--39:2
30--78:2
39--141:3
39--166:3
128--156:3
129--143:1
132--133:1
132--192:1
133--172:2
137--140:2
139--144:6
139--146:1
141--154:2
144--165:8
156--166:1
161--168:4
172--199:1
42--96:5
42--149:1
0--3:5
5--127:4
0--65:7
1--20:3
1--154:1
5--149:6
8--137:8
78--161:3
80--86:3
83--193:1
86--146:3
94--192:6
96--137:3
96--154:5
96--159:8
96--177:1
98--192:1
106--140:2
111--139:3
111--156:6
118--129:2
118--142:1
122--161:1
122--199:2
