*** APPROXIMATION ***
INSTANCE:
V 170
E 6269
K 26

** LOG:
ROOTS/OBJ:
15: 35.5
142: 35.1364
156: 34.725

OPT ROOT:156
OBJ:     34.725
SOLUTION TYPE: FRACTIONAL
APPROX:           56

** TIME:
AVG. TIME for LPs:       15.7083
DEFINE TERMINALS:        7.8e-05
STEINER SOLVER  :        0.02425
TOTAL TIME:              146.9
** SOLUTION: feasible 
56--164:1
59--86:1
72--104:1
72--116:2
9--21:2
9--38:2
1--21:1
1--24:1
1--59:2
1--134:1
24--99:2
29--72:1
29--134:3
29--164:1
36--56:3
77--123:3
99--140:1
104--117:4
10--77:2
109--149:1
113--158:2
117--123:1
117--158:1
121--122:5
122--167:2
137--145:3
140--149:1
145--156:2
156--158:1
158--167:3
