*** APPROXIMATION ***
INSTANCE:
V 270
E 9466
K 44

** LOG:
INDUCED EDGES:
77 270: 0.337069
106 270: 0
146 270: 0.162931
182 270: 0.5
240 270: 0
ROOT GROUP: 0
OBJ:     36.6293
SOLUTION TYPE: FRACTIONAL
APPROX:           0

** TIME:
TIME for LPs:            568.081
DEFINE TERMINALS:        0
STEINER SOLVER  :        0
TOTAL TIME:              568.081
** SOLUTION: feasible 
2--44:3
2--96:2
4--59:3
4--162:2
5--87:2
5--91:3
7--151:1
7--185:2
13--61:4
13--140:3
20--132:2
20--223:3
21--108:3
21--126:1
21--141:3
24--87:2
24--157:2
24--203:1
28--146:3
28--202:1
29--77:3
29--126:2
32--120:1
32--183:1
34--113:2
34--140:2
35--63:4
35--209:1
36--79:1
36--265:1
44--192:1
47--71:1
51--63:2
51--72:4
51--183:3
52--65:2
52--145:1
52--220:3
52--236:1
52--238:5
53--108:5
53--170:1
53--206:2
53--260:7
55--116:1
55--141:7
55--150:4
59--265:4
60--112:3
60--176:3
60--244:2
60--254:1
61--152:2
61--220:1
65--118:5
65--121:3
65--210:3
65--234:2
71--80:5
71--207:7
71--211:3
72--182:1
72--265:1
75--175:4
75--220:1
77--183:1
79--128:1
79--228:1
80--121:1
80--139:7
80--170:1
80--181:3
81--96:3
81--149:2
81--228:1
84--90:1
86--115:3
86--124:5
86--156:4
87--90:3
87--214:2
87--251:3
88--91:1
88--159:2
90--183:1
90--234:1
91--267:5
93--127:2
93--144:1
93--267:3
96--97:1
96--207:1
97--120:1
97--212:3
108--118:3
108--205:1
108--209:1
112--126:1
113--162:1
113--189:1
115--132:5
115--162:1
116--267:3
119--139:2
119--152:1
120--151:2
120--258:1
122--159:1
122--251:1
124--234:4
127--223:1
128--210:4
128--244:2
133--150:3
133--212:2
142--161:2
142--211:1
144--182:4
147--244:1
147--269:3
149--220:4
150--177:4
150--260:1
156--214:3
157--252:1
159--236:1
161--202:4
162--233:3
166--211:4
166--233:1
175--269:2
176--203:1
177--228:5
181--223:1
185--189:4
192--252:1
192--269:3
197--202:5
197--238:6
206--269:3
252--260:6
