*** APPROXIMATION ***
INSTANCE:
V 150
E 3251
K 24

** LOG:
INDUCED EDGES:
5 151: 0
13 151: 0
48 151: 0.5
71 151: 0.5
ROOT GROUP: 1
OBJ:     28.5
SOLUTION TYPE: FRACTIONAL
APPROX:           0

** TIME:
TIME for LPs:            19.1599
DEFINE TERMINALS:        0
STEINER SOLVER  :        0
TOTAL TIME:              19.1602
** SOLUTION: feasible 
11--55:2
11--65:3
11--87:2
11--135:1
29--71:4
29--132:1
34--53:4
34--124:6
35--41:2
35--85:2
38--118:1
41--78:5
41--114:1
48--122:2
53--132:1
55--104:2
60--135:1
65--118:3
78--148:5
85--135:1
87--118:1
104--122:2
124--148:2
