*** APPROXIMATION ***
INSTANCE:
V 180
E 283
K 21

** LOG:
ROOTS/OBJ:
26: 592
84: 479.5
132: 496.25

OPT ROOT:84
OBJ:     479.5
SOLUTION TYPE: FRACTIONAL
APPROX:           950

** TIME:
AVG. TIME for LPs:       0.483304
DEFINE TERMINALS:        6.9e-05
STEINER SOLVER  :        0.001827
TOTAL TIME:              4.30751
** SOLUTION: feasible 
0--119:5
13--175:21
117--131:51
117--144:2
122--158:10
125--171:10
148--150:48
148--164:11
37--119:1
37--177:37
38--144:8
12--125:64
13--98:38
13--111:17
13--117:30
7--142:22
23--84:30
7--131:5
98--155:68
102--105:56
102--111:3
111--122:22
66--84:7
68--148:51
68--158:45
55--155:3
0--23:32
12--105:22
18--84:89
18--175:78
87--138:15
87--142:49
