*** APPROXIMATION ***
INSTANCE:
V 120
E 347
K 10

** LOG:
INDUCED EDGES:
13 120: 0
17 120: 0.357143
27 120: 0.0714286
36 120: 0
58 120: 0.142857
69 120: 0
73 120: 0
90 120: 0.357143
95 120: 0.0714286
ROOT GROUP: 0
OBJ:     79.2143
SOLUTION TYPE: FRACTIONAL
APPROX:           0

** TIME:
TIME for LPs:            1.12064
DEFINE TERMINALS:        0
STEINER SOLVER  :        0
TOTAL TIME:              1.12086
** SOLUTION: feasible 
1--75:42
1--98:34
2--31:38
2--48:8
2--58:9
4--20:8
4--114:8
7--40:4
7--75:20
11--67:11
11--77:3
11--110:6
17--110:32
17--111:10
20--70:22
20--78:11
22--75:34
22--111:22
27--48:26
31--54:8
31--68:37
31--98:9
34--40:17
34--70:12
38--98:7
39--66:10
39--75:3
39--90:11
46--75:5
48--70:26
51--68:16
51--118:19
54--78:16
66--67:16
77--79:10
95--118:40
111--114:11
