*** APPROXIMATION ***
INSTANCE:
V 230
E 6106
K 34

** LOG:
ROOTS/OBJ:
0: 44.8646
3: 46.5556
66: 46.6087

OPT ROOT:0
OBJ:     44.8646
SOLUTION TYPE: FRACTIONAL
APPROX:           77

** TIME:
AVG. TIME for LPs:       60.7617
DEFINE TERMINALS:        0.000103
STEINER SOLVER  :        0.028054
TOTAL TIME:              518.288
** SOLUTION: feasible 
69--105:3
78--140:2
114--116:2
114--208:5
121--126:4
121--208:2
126--136:2
133--213:1
136--211:7
143--175:1
152--209:3
43--59:3
43--78:1
48--78:1
48--209:3
9--33:1
9--220:1
0--140:2
0--194:3
158--165:1
161--194:2
163--196:3
163--209:3
175--199:1
196--211:1
199--213:5
27--161:1
28--133:3
28--140:2
33--69:1
86--136:2
92--213:1
92--220:1
94--158:2
94--196:1
