*** APPROXIMATION ***
INSTANCE:
V 120
E 347
K 10

** LOG:
ROOTS/OBJ:
13: 117.5
17: 97
27: 127.5
36: 119
58: 122
69: 147
73: 141
90: 97
95: 98

OPT ROOT:17
OBJ:     97
SOLUTION TYPE: FRACTIONAL
APPROX:           121

** TIME:
AVG. TIME for LPs:       0.0449342
DEFINE TERMINALS:        3.2e-05
STEINER SOLVER  :        0.000838
TOTAL TIME:              4.34465
** SOLUTION: feasible 
111--114:11
39--66:10
39--75:3
39--90:11
9--46:25
9--111:6
11--67:11
11--77:3
66--67:16
77--79:10
17--111:10
46--75:5
