*** APPROXIMATION ***
INSTANCE:
V 160
E 1118
K 18

** LOG:
ROOTS/OBJ:
60: 97.5
86: 92.5
141: 109
146: 97.75
158: 87.1667

OPT ROOT:158
OBJ:     87.1667
SOLUTION TYPE: FRACTIONAL
APPROX:           159

** TIME:
AVG. TIME for LPs:       1.1517
DEFINE TERMINALS:        7e-05
STEINER SOLVER  :        0.004074
TOTAL TIME:              26.4613
** SOLUTION: feasible 
26--55:4
26--132:1
26--145:8
27--29:12
27--117:3
29--133:10
13--91:4
21--92:13
21--124:5
22--37:5
22--103:12
103--133:10
134--139:11
145--158:1
4--91:1
4--132:15
13--117:12
37--139:4
71--76:4
71--81:18
71--90:1
71--92:4
81--158:1
