*** APPROXIMATION ***
INSTANCE:
V 200
E 731
K 10

** LOG:
ROOTS/OBJ:
15: 89
33: 95
58: 76
75: 85
79: 85.5
84: 91.5
94: 76
109: 78.5
115: 123.5
119: 86
127: 58
142: 97
189: 85

OPT ROOT:127
OBJ:     58
SOLUTION TYPE: INTEGRAL
APPROX:           58

** TIME:
AVG. TIME for LPs:       0.0640308
DEFINE TERMINALS:        0
STEINER SOLVER  :        0
TOTAL TIME:              8.64079
** SOLUTION: feasible 
1--92:3
1--170:1
45--141:2
45--170:18
82--92:4
82--153:1
106--127:3
106--153:20
141--145:1
145--190:5
