*** APPROXIMATION ***
INSTANCE:
V 230
E 10245
K 53

** LOG:
INDUCED EDGES:
28 250: 0.597222
87 250: 0.402778
ROOT GROUP: 20
OBJ:     47.7222
SOLUTION TYPE: FRACTIONAL
APPROX:           0

** TIME:
TIME for LPs:            695.381
DEFINE TERMINALS:        0
STEINER SOLVER  :        0
TOTAL TIME:              695.382
** SOLUTION: feasible 
0--4:1
0--47:2
0--92:1
4--110:1
4--183:4
7--140:1
7--207:2
8--11:1
8--24:1
8--141:2
11--101:1
13--36:2
13--171:1
14--190:4
14--208:4
15--36:1
15--127:1
18--28:2
18--51:1
18--156:2
18--206:4
23--82:1
23--156:1
24--82:1
24--167:2
26--43:1
26--156:1
28--84:1
28--215:3
30--36:4
30--54:1
30--178:3
30--201:4
35--63:2
35--124:1
42--101:1
43--93:2
43--165:3
47--209:1
50--68:1
50--72:2
51--130:1
51--162:1
54--66:2
54--97:2
55--140:3
55--167:1
56--100:2
56--110:1
56--164:2
59--63:1
59--69:3
59--115:5
66--83:3
68--106:1
68--178:2
68--190:2
69--126:1
69--179:2
71--90:3
71--136:1
72--158:2
74--139:2
74--193:1
79--208:1
79--220:1
82--120:4
83--98:3
84--195:2
87--190:1
89--164:2
89--206:1
90--141:1
92--158:1
93--126:2
97--110:2
98--182:2
100--130:1
100--171:1
101--110:2
115--126:3
120--175:3
124--206:3
127--208:3
130--220:1
136--138:1
136--181:3
136--183:4
138--157:1
139--157:2
141--215:2
157--175:6
158--195:1
162--174:2
165--201:5
167--209:2
174--207:1
175--214:4
179--193:2
181--186:2
182--192:2
183--214:2
186--192:7
195--199:2
199--201:1
