*** APPROXIMATION ***
INSTANCE:
V 280
E 5245
K 28

** LOG:
ROOTS/OBJ:
32: 43.2749
95: 40.0868
125: 40.6618
160: 47.6
177: 36.6104
186: 43.7917
206: 43.6264
222: 35.629

OPT ROOT:222
OBJ:     35.629
SOLUTION TYPE: FRACTIONAL
APPROX:           84

** TIME:
AVG. TIME for LPs:       15.672
DEFINE TERMINALS:        0.000189
STEINER SOLVER  :        0.020441
TOTAL TIME:              1059.44
** SOLUTION: feasible 
71--143:3
72--166:2
72--177:1
76--163:2
81--153:1
81--242:3
25--181:4
25--221:5
35--71:4
35--272:3
37--166:3
37--222:1
21--35:4
21--55:1
40--72:4
51--71:1
55--118:2
55--214:3
109--246:6
118--192:1
130--214:1
153--246:1
163--176:3
163--192:6
163--223:3
163--232:1
166--271:5
176--271:2
181--188:1
214--234:3
221--222:2
222--242:2
