*** APPROXIMATION ***
INSTANCE:
V 170
E 6269
K 26

** LOG:
INDUCED EDGES:
15 170: 0
142 170: 0.28
156 170: 0.72
ROOT GROUP: 0
OBJ:     34.12
SOLUTION TYPE: FRACTIONAL
APPROX:           0

** TIME:
TIME for LPs:            58.1159
DEFINE TERMINALS:        0
STEINER SOLVER  :        0
TOTAL TIME:              58.1161
** SOLUTION: feasible 
1--21:1
1--24:1
1--59:2
1--134:1
9--21:2
9--38:2
9--52:1
10--77:2
10--138:6
12--155:2
21--138:5
23--122:3
23--142:1
24--99:2
29--72:1
29--134:3
29--136:2
29--164:1
32--89:2
32--121:3
33--86:2
33--162:1
35--92:2
35--98:1
36--56:3
36--166:2
38--168:6
41--42:1
41--47:1
42--45:3
43--47:1
43--106:1
45--142:2
47--51:4
47--98:3
47--164:4
51--97:2
52--89:3
56--164:1
58--92:3
58--135:1
59--86:1
68--77:5
68--135:1
68--166:2
72--104:1
72--116:2
77--136:1
86--90:5
89--127:1
90--122:4
97--123:1
98--167:2
98--168:1
99--140:1
99--155:4
104--117:4
106--155:1
109--137:6
109--149:1
113--158:2
116--149:3
117--123:1
117--144:2
117--158:1
121--122:5
122--162:3
122--167:2
127--164:4
136--158:2
137--145:3
140--149:1
145--156:2
156--158:1
