*** APPROXIMATION ***
INSTANCE:
V 290
E 9274
K 63

** LOG:
ROOTS/OBJ:
212: 121.917
225: 122.85

OPT ROOT:212
OBJ:     121.917
SOLUTION TYPE: FRACTIONAL
APPROX:           196

** TIME:
AVG. TIME for LPs:       932.114
DEFINE TERMINALS:        0.000129
STEINER SOLVER  :        0.077604
TOTAL TIME:              18634.8
** SOLUTION: feasible 
42--176:2
43--95:2
43--126:1
43--284:4
48--130:5
48--218:4
48--236:1
50--116:2
50--175:1
53--221:1
57--81:1
57--176:2
58--144:2
58--232:1
59--118:2
60--218:2
60--264:2
61--108:1
61--129:3
62--284:1
67--96:2
67--102:1
67--279:2
11--53:1
11--125:1
11--226:1
12--261:1
14--15:3
14--81:2
115--194:1
126--245:1
127--200:4
127--278:1
130--134:1
134--245:1
136--239:1
140--222:2
144--239:6
161--278:2
162--191:1
162--286:1
164--239:4
165--168:2
165--185:1
168--212:2
168--242:4
170--171:4
171--212:4
176--246:3
191--195:1
194--254:3
195--249:4
208--229:4
232--233:2
233--258:3
246--286:3
261--279:1
68--191:3
76--208:1
78--163:1
78--200:1
81--129:2
87--113:2
87--189:1
87--226:3
90--112:1
90--200:1
92--245:2
95--208:2
96--222:4
100--102:1
100--125:1
101--195:2
105--236:3
107--112:1
107--249:3
108--164:2
108--242:1
115--175:5
115--185:3
4--136:1
4--184:5
6--29:1
6--68:1
7--61:3
20--163:1
29--92:2
29--100:4
34--211:4
34--261:3
36--118:2
36--161:2
