*** APPROXIMATION ***
INSTANCE:
V 290
E 9274
K 63

** LOG:
INDUCED EDGES:
212 290: 0.5
225 290: 0.5
ROOT GROUP: 0
OBJ:     120.25
SOLUTION TYPE: FRACTIONAL
APPROX:           0

** TIME:
TIME for LPs:            1629.61
DEFINE TERMINALS:        0
STEINER SOLVER  :        0
TOTAL TIME:              1629.61
** SOLUTION: feasible 
1--225:3
1--264:2
4--136:1
4--184:5
4--223:3
6--29:1
6--68:1
7--61:3
7--170:8
11--53:1
11--125:1
11--226:1
11--263:3
12--59:7
12--261:1
13--282:2
13--284:1
14--15:3
14--47:3
14--81:2
19--83:4
19--125:2
20--112:4
20--163:1
23--80:3
23--199:2
25--113:7
25--254:3
27--239:1
27--254:8
28--48:1
28--71:3
28--110:4
29--92:2
29--100:4
34--211:4
34--261:3
34--284:3
36--118:2
36--161:2
39--145:4
39--211:3
42--176:2
43--95:2
43--126:1
45--170:4
45--229:6
47--162:3
47--163:5
48--218:4
48--236:1
50--116:2
50--175:1
53--221:1
56--145:4
56--231:2
57--81:1
57--176:2
58--144:2
58--178:6
58--232:1
59--118:2
59--176:6
60--210:4
60--218:2
60--264:2
61--108:1
61--129:3
62--284:1
65--161:3
66--182:9
66--259:2
67--96:2
67--102:1
67--279:2
68--191:3
71--231:7
72--178:4
72--210:1
75--105:3
75--252:1
76--208:1
77--157:4
77--165:1
78--163:1
78--200:1
80--100:2
81--129:2
81--288:2
83--163:8
87--113:2
87--139:2
87--189:1
87--197:2
87--226:3
88--97:1
88--243:7
90--112:1
90--200:1
92--245:2
95--208:2
96--121:1
96--154:1
96--222:4
97--168:3
100--102:1
100--125:1
101--195:2
105--236:3
105--263:3
107--112:1
107--249:3
108--242:1
110--111:2
111--139:2
112--252:2
115--175:5
115--185:3
115--194:1
116--140:7
118--182:7
125--184:7
126--245:1
127--200:4
127--278:1
128--197:2
128--280:2
129--210:1
134--245:1
136--239:1
140--222:2
144--239:6
154--211:6
154--258:4
157--243:4
161--260:4
161--278:2
162--191:1
162--286:1
163--241:4
165--185:1
168--212:2
168--242:4
168--280:1
170--230:7
176--246:3
178--199:4
179--206:3
179--260:1
191--195:1
192--206:6
192--223:6
194--254:3
195--249:4
199--263:4
208--229:4
208--233:4
230--245:5
230--254:3
232--233:2
233--258:3
233--260:3
236--259:1
241--249:3
241--278:2
246--286:3
261--279:1
282--288:1
