*** APPROXIMATION ***
INSTANCE:
V 140
E 2751
K 30

** LOG:
ROOTS/OBJ:
24: 62.625
53: 55

OPT ROOT:53
OBJ:     55
SOLUTION TYPE: FRACTIONAL
APPROX:           88

** TIME:
AVG. TIME for LPs:       15.0952
DEFINE TERMINALS:        7.8e-05
STEINER SOLVER  :        0.011627
TOTAL TIME:              60.7462
** SOLUTION: feasible 
65--72:1
65--93:1
68--72:5
71--73:4
73--116:1
1--25:1
25--68:5
6--91:5
6--116:1
30--53:3
30--86:1
31--106:3
31--117:4
34--77:1
93--121:1
113--121:5
34--100:3
34--113:6
37--39:3
37--65:2
39--117:1
41--48:5
41--93:4
44--53:6
44--121:4
10--20:2
10--100:7
48--116:3
