*** APPROXIMATION ***
INSTANCE:
V 270
E 7516
K 45

** LOG:
ROOTS/OBJ:
69: 53.7273
87: 51.6925
163: 51.979
176: 52.5294

OPT ROOT:87
OBJ:     51.6925
SOLUTION TYPE: FRACTIONAL
APPROX:           111

** TIME:
AVG. TIME for LPs:       139.597
DEFINE TERMINALS:        0.000168
STEINER SOLVER  :        0.038332
TOTAL TIME:              2647.57
** SOLUTION: feasible 
87--246:2
96--130:3
96--252:2
98--197:1
99--238:2
101--165:1
101--237:3
106--216:2
106--263:5
26--163:1
26--238:1
32--57:1
34--224:1
34--254:2
11--50:4
11--140:2
45--60:2
45--98:1
45--160:1
46--160:3
50--177:3
18--227:2
19--183:1
19--261:1
20--46:1
20--56:2
22--205:2
22--263:2
56--209:2
57--193:4
57--254:2
113--197:2
113--239:1
118--216:1
118--261:1
123--215:2
123--227:3
128--177:1
130--183:2
140--227:2
155--230:3
159--165:1
163--183:5
177--237:1
188--224:2
188--239:3
193--222:1
193--246:6
197--205:1
230--245:1
1--22:1
1--177:3
2--18:2
3--155:1
3--177:3
