*** APPROXIMATION ***
INSTANCE:
V 150
E 3251
K 24

** LOG:
ROOTS/OBJ:
5: 33.5
13: 36.5
48: 32.25
71: 31.3846

OPT ROOT:71
OBJ:     31.3846
SOLUTION TYPE: FRACTIONAL
APPROX:           46

** TIME:
AVG. TIME for LPs:       5.23699
DEFINE TERMINALS:        8.1e-05
STEINER SOLVER  :        0.010675
TOTAL TIME:              72.5115
** SOLUTION: feasible 
41--78:5
41--114:1
53--132:1
55--104:2
11--55:2
11--65:3
11--87:2
11--135:1
29--71:4
29--132:1
34--53:4
34--124:6
38--118:1
60--135:1
78--98:2
78--148:5
85--98:1
85--135:1
87--118:1
124--148:2
