*** APPROXIMATION ***
INSTANCE:
V 270
E 9466
K 44

** LOG:
ROOTS/OBJ:
77: 38.2973
106: 42.7894
146: 40.104
182: 37.8672
240: 43.5911

OPT ROOT:182
OBJ:     37.8672
SOLUTION TYPE: FRACTIONAL
APPROX:           63

** TIME:
AVG. TIME for LPs:       144.944
DEFINE TERMINALS:        0.000157
STEINER SOLVER  :        0.046931
TOTAL TIME:              3378.12
** SOLUTION: feasible 
52--65:2
59--265:4
2--96:2
4--59:3
4--162:2
150--260:1
157--252:1
182--250:2
192--252:1
252--260:6
65--210:3
65--234:2
72--182:1
72--265:1
79--128:1
84--90:1
87--90:3
90--183:1
90--234:1
93--96:2
93--127:2
93--144:1
96--97:1
97--120:1
113--162:1
115--162:1
127--223:1
128--210:4
128--244:2
24--87:2
24--157:2
24--203:1
32--120:1
32--183:1
36--79:1
36--265:1
