*** APPROXIMATION ***
INSTANCE:
V 140
E 2206
K 33

** LOG:
ROOTS/OBJ:
45: 99.375
72: 101

OPT ROOT:45
OBJ:     99.375
SOLUTION TYPE: FRACTIONAL
APPROX:           145

** TIME:
AVG. TIME for LPs:       14.3042
DEFINE TERMINALS:        6.7e-05
STEINER SOLVER  :        0.013313
TOTAL TIME:              56.1232
** SOLUTION: feasible 
67--136:10
67--138:5
71--120:12
76--122:2
80--109:1
41--107:2
41--109:2
44--66:4
44--105:5
45--106:1
1--33:5
1--55:11
1--128:8
24--28:2
28--119:2
31--106:1
33--106:2
37--119:2
10--105:8
12--14:2
12--32:9
52--80:5
53--106:2
53--137:2
55--59:1
58--80:1
58--138:1
88--108:3
88--110:4
88--129:5
93--109:1
119--122:5
120--129:1
129--137:1
17--110:1
18--44:1
18--122:3
14--37:5
14--41:4
15--37:1
17--66:2
