*** APPROXIMATION ***
INSTANCE:
V 210
E 9229
K 50

** LOG:
INDUCED EDGES:
31 210: 0
175 210: 0.00590551
203 210: 0.994094
ROOT GROUP: 0
OBJ:     45.2579
SOLUTION TYPE: FRACTIONAL
APPROX:           0

** TIME:
TIME for LPs:            460.74
DEFINE TERMINALS:        0
STEINER SOLVER  :        0
TOTAL TIME:              460.741
** SOLUTION: feasible 
0--67:2
0--111:3
0--160:2
0--166:3
2--107:5
2--129:1
6--14:1
6--138:4
6--150:2
10--32:1
10--123:1
10--130:3
11--90:2
11--147:1
11--206:2
14--127:5
15--91:1
15--120:2
16--29:2
16--44:1
21--119:1
21--203:1
22--97:1
22--151:3
23--36:2
23--129:2
24--136:1
24--156:1
24--161:1
28--65:5
28--81:4
29--109:4
32--67:1
32--156:3
35--84:1
36--161:1
36--166:3
39--101:1
39--115:1
39--137:4
40--147:2
40--209:2
44--164:1
45--65:1
45--84:2
47--107:1
47--147:1
47--166:2
51--138:3
51--161:2
55--71:3
55--86:2
55--112:2
55--148:1
62--115:1
62--119:1
62--195:2
64--94:2
64--156:2
64--157:3
65--113:2
65--155:2
67--149:1
68--77:4
68--174:2
70--170:2
70--174:1
70--209:2
71--132:2
72--132:2
72--136:2
72--165:1
72--188:1
74--115:1
74--170:1
75--133:2
75--166:1
75--195:1
76--130:1
76--151:2
77--140:2
81--116:4
84--86:3
84--143:2
90--150:3
90--191:2
91--135:4
91--155:2
94--206:2
96--151:3
96--176:2
97--116:3
99--150:3
99--203:3
101--111:1
101--187:3
104--146:2
104--150:3
105--127:3
105--165:1
107--176:2
109--113:2
109--157:2
110--146:2
110--191:3
110--204:1
112--137:3
113--209:4
116--157:2
119--192:2
120--183:1
120--206:1
123--183:2
125--150:3
125--165:3
127--172:1
130--187:1
131--133:3
131--187:1
132--146:2
133--204:1
135--163:4
136--143:1
136--199:1
137--164:2
138--192:1
140--143:4
143--161:2
148--179:2
149--203:2
153--160:1
153--203:1
157--169:1
163--188:1
165--179:2
172--175:3
172--199:1
