*** APPROXIMATION ***
INSTANCE:
V 250
E 3092
K 48

** LOG:
INDUCED EDGES:
43 250: 0.340909
248 250: 0.659091
ROOT GROUP: 0
OBJ:     187.227
SOLUTION TYPE: FRACTIONAL
APPROX:           0

** TIME:
TIME for LPs:            256.362
DEFINE TERMINALS:        0
STEINER SOLVER  :        0
TOTAL TIME:              256.362
** SOLUTION: feasible 
1--24:7
1--224:1
1--235:1
4--8:5
4--38:10
4--46:3
4--63:1
5--71:5
5--87:7
5--197:11
7--38:3
7--187:7
8--240:17
10--24:6
10--43:9
11--163:4
11--178:6
12--52:2
12--157:4
13--126:1
17--157:3
19--70:10
19--153:6
19--206:6
22--68:4
22--98:4
22--127:6
24--98:5
24--211:7
28--229:7
35--48:5
35--178:5
35--243:9
37--58:1
37--203:11
38--162:1
43--122:13
43--197:2
45--111:3
45--128:6
45--225:7
46--234:8
48--117:8
48--228:1
50--97:1
50--169:5
51--122:4
51--141:3
51--155:4
52--126:8
55--209:2
58--68:9
58--248:2
63--150:4
68--225:4
71--105:8
75--206:1
75--207:5
76--103:16
76--209:13
84--86:6
84--150:8
86--87:3
86--209:8
93--122:4
93--195:1
94--110:10
94--182:13
94--240:7
97--227:6
99--172:4
99--207:12
101--112:5
101--240:10
103--162:4
103--229:11
105--110:1
108--166:1
111--159:4
112--157:10
112--192:4
117--124:1
117--204:1
117--227:2
121--134:4
121--239:1
126--159:2
126--203:1
127--218:2
128--211:8
134--207:6
134--228:10
141--159:11
141--172:3
153--218:2
155--234:8
157--198:1
163--172:10
166--217:11
166--224:1
169--201:1
178--187:12
182--227:2
186--211:5
186--212:17
191--207:2
192--212:16
195--227:2
198--201:5
208--217:7
208--234:13
213--225:4
217--229:14
