*** APPROXIMATION ***
INSTANCE:
V 180
E 6883
K 34

** LOG:
INDUCED EDGES:
61 199: 0
117 199: 0.5
141 199: 0
161 199: 0.5
ROOT GROUP: 19
OBJ:     25.3333
SOLUTION TYPE: FRACTIONAL
APPROX:           0

** TIME:
TIME for LPs:            97.5004
DEFINE TERMINALS:        0
STEINER SOLVER  :        0
TOTAL TIME:              97.5006
** SOLUTION: feasible 
0--70:1
0--98:3
2--84:1
2--99:3
5--127:1
11--41:1
11--58:2
11--116:1
12--36:1
12--116:2
17--118:1
17--125:2
31--58:2
31--77:3
31--161:3
33--50:1
33--78:1
36--179:2
38--78:1
38--102:2
38--179:1
41--101:2
50--113:2
55--73:1
55--126:1
68--77:2
68--82:1
70--108:1
70--174:2
73--99:3
77--127:2
82--104:4
84--102:2
91--99:2
91--127:2
96--104:3
96--170:3
98--117:1
98--154:1
101--123:1
102--104:3
102--108:4
104--123:1
113--115:1
115--125:2
118--174:2
126--161:4
170--179:3
