*** APPROXIMATION ***
INSTANCE:
V 260
E 615
K 44

** LOG:
ROOTS/OBJ:
41: 536.865
53: 518.976
112: 552.898

OPT ROOT:53
OBJ:     518.976
SOLUTION TYPE: FRACTIONAL
APPROX:           1011

** TIME:
AVG. TIME for LPs:       9.6489
DEFINE TERMINALS:        0.000143
STEINER SOLVER  :        0.005416
TOTAL TIME:              88.0151
** SOLUTION: feasible 
107--145:6
107--185:24
113--185:32
113--186:5
114--117:2
114--191:10
117--224:28
126--193:9
126--203:14
129--240:52
130--193:4
135--145:16
135--206:6
48--224:49
97--234:2
98--217:36
102--130:46
102--186:17
173--224:58
173--249:12
176--234:34
188--235:16
191--199:22
193--255:25
203--256:1
214--234:34
214--256:24
217--255:13
85--129:11
89--185:6
89--240:17
90--240:24
92--129:6
92--169:3
1--224:10
159--206:32
22--169:19
22--235:25
27--55:10
27--65:13
27--157:19
45--65:23
45--199:16
3--224:1
53--157:4
43--113:10
39--59:8
39--95:25
39--159:9
11--76:29
0--256:28
74--157:13
74--193:30
76--188:12
11--258:11
