*** APPROXIMATION ***
INSTANCE:
V 100
E 2296
K 19

** LOG:
INDUCED EDGES:
14 103: 0.125
41 103: 0.375
48 103: 0.5
ROOT GROUP: 3
OBJ:     25.375
SOLUTION TYPE: FRACTIONAL
APPROX:           0

** TIME:
TIME for LPs:            7.04929
DEFINE TERMINALS:        0
STEINER SOLVER  :        0
TOTAL TIME:              7.04951
** SOLUTION: feasible 
8--26:3
8--86:2
10--37:5
10--52:1
10--86:7
13--22:1
13--37:5
13--71:1
14--30:3
17--56:2
17--68:8
22--56:1
26--34:2
26--87:2
28--43:5
28--52:4
29--61:2
30--79:6
31--68:1
31--79:1
32--33:2
32--36:6
33--61:4
34--37:9
34--66:4
36--83:2
39--61:1
39--73:1
40--66:1
40--72:4
41--73:1
43--96:1
48--52:4
48--53:3
53--71:1
61--72:1
75--79:2
75--83:4
75--87:1
75--97:4
96--97:9
