*** APPROXIMATION ***
INSTANCE:
V 280
E 17251
K 26

** LOG:
INDUCED EDGES:
33 298: 0.177306
55 298: 0.0321184
99 298: 0.30437
188 298: 0
191 298: 0.147
239 298: 0.339207
ROOT GROUP: 18
OBJ:     14.8187
SOLUTION TYPE: FRACTIONAL
APPROX:           0

** TIME:
TIME for LPs:            263.659
DEFINE TERMINALS:        0
STEINER SOLVER  :        0
TOTAL TIME:              263.66
** SOLUTION: feasible 
1--22:1
1--179:2
1--212:1
3--20:1
3--29:1
3--111:2
3--181:2
10--20:1
10--22:2
15--31:1
15--253:2
15--263:1
18--177:1
18--180:4
20--63:2
20--65:1
20--147:1
22--46:1
22--152:2
24--153:3
24--199:3
29--55:3
29--233:1
30--32:3
30--38:1
30--103:2
31--153:3
31--175:1
31--224:1
32--40:3
33--263:1
36--52:3
36--151:1
36--181:2
38--65:2
38--149:1
40--182:5
41--163:3
41--238:1
42--86:2
42--128:3
42--154:2
42--175:1
42--221:3
43--79:1
43--187:1
43--203:1
46--135:1
46--183:1
52--147:1
52--221:2
52--269:4
53--63:1
53--192:1
55--148:2
56--72:3
56--136:1
57--111:1
57--179:1
65--253:1
67--83:1
67--172:1
67--263:3
72--99:1
72--111:1
72--159:1
73--123:2
73--139:1
75--102:1
75--139:1
75--224:2
79--233:1
83--229:2
86--239:1
89--152:2
89--214:1
100--156:1
100--180:2
102--151:3
102--238:1
103--224:1
111--149:3
123--275:1
128--255:1
133--161:2
133--198:3
135--156:1
136--212:1
139--152:2
148--199:1
149--216:2
151--198:3
151--238:2
151--275:3
152--182:1
153--182:2
154--211:1
159--161:1
159--214:2
161--192:2
163--177:1
172--183:2
175--191:1
179--216:1
180--239:1
181--229:1
183--273:1
187--238:3
192--211:3
203--255:1
269--273:2
