*** APPROXIMATION ***
INSTANCE:
V 210
E 9229
K 50

** LOG:
ROOTS/OBJ:
31: 50.65
175: 48.2645
203: 45.2583

OPT ROOT:203
OBJ:     45.2583
SOLUTION TYPE: FRACTIONAL
APPROX:           78

** TIME:
AVG. TIME for LPs:       181.281
DEFINE TERMINALS:        0.000128
STEINER SOLVER  :        0.047631
TOTAL TIME:              72143.5
** SOLUTION: feasible 
10--32:1
11--90:2
11--147:1
21--119:1
21--203:1
22--55:2
22--97:1
22--151:3
24--156:1
24--161:1
32--67:1
35--84:1
39--115:1
40--147:2
40--209:2
45--65:1
45--84:2
55--71:3
55--86:2
62--115:1
62--119:1
0--160:2
67--149:1
71--132:2
72--132:2
72--165:1
84--143:2
84--165:3
90--150:3
97--116:3
104--146:2
104--150:3
109--157:2
110--146:2
110--204:1
115--132:2
116--157:2
130--187:1
130--203:2
132--146:2
143--161:2
149--203:2
153--160:1
153--203:1
157--169:1
165--179:2
