*** APPROXIMATION ***
INSTANCE:
V 250
E 3092
K 48

** LOG:
ROOTS/OBJ:
43: 189.5
248: 188

OPT ROOT:248
OBJ:     188
SOLUTION TYPE: FRACTIONAL
APPROX:           299

** TIME:
AVG. TIME for LPs:       143.401
DEFINE TERMINALS:        9.4e-05
STEINER SOLVER  :        0.022817
TOTAL TIME:              627.007
** SOLUTION: feasible 
22--53:5
22--68:4
22--98:4
22--127:6
103--162:4
105--110:1
111--159:4
112--157:10
117--124:1
117--204:1
117--227:2
121--134:4
121--239:1
126--159:2
134--207:6
24--98:5
11--163:4
11--178:6
35--178:5
35--243:9
38--162:1
38--227:8
7--38:3
7--187:7
4--38:10
4--63:1
5--71:5
5--87:7
13--126:1
141--172:3
157--198:1
169--201:1
178--187:12
178--191:10
182--227:2
191--207:2
198--201:5
86--87:3
94--110:10
94--182:13
94--240:7
97--227:6
99--172:4
99--207:12
45--111:3
45--128:6
45--225:7
50--97:1
50--169:5
51--141:3
51--155:4
53--86:9
58--68:9
58--248:2
63--150:4
68--225:4
71--105:8
76--103:16
