*** APPROXIMATION ***
INSTANCE:
V 220
E 10254
K 47

** LOG:
ROOTS/OBJ:
83: 44.8366
122: 45.9
204: 45.4641

OPT ROOT:83
OBJ:     44.8366
SOLUTION TYPE: FRACTIONAL
APPROX:           80

** TIME:
AVG. TIME for LPs:       24361.5
DEFINE TERMINALS:        0.000128
STEINER SOLVER  :        0.061156
TOTAL TIME:              74144.9
** SOLUTION: feasible 
29--30:2
29--57:2
29--91:1
29--132:1
30--49:1
34--85:1
37--48:2
37--83:3
38--145:1
38--216:1
13--63:1
13--136:1
17--34:1
17--154:1
19--192:2
23--26:1
23--142:1
8--17:2
8--216:2
47--63:1
47--72:3
48--136:1
50--154:2
50--178:2
51--72:1
57--108:1
59--67:1
59--143:4
59--209:3
65--87:2
65--91:1
65--142:1
65--158:3
67--72:2
67--98:2
75--136:3
82--87:1
82--204:2
83--178:2
85--103:2
98--117:3
98--219:2
108--143:1
145--192:1
153--216:1
156--204:5
