*** APPROXIMATION ***
INSTANCE:
V 190
E 7291
K 12

** LOG:
ROOTS/OBJ:
11: 10.5
24: 10.9286
27: 10.5
30: 11.5455
31: 11
49: 14
80: 10.5
83: 10.25
90: 10
115: 12.5
118: 15
157: 10.375
179: 11.75

OPT ROOT:90
OBJ:     10
SOLUTION TYPE: FRACTIONAL
APPROX:           15

** TIME:
AVG. TIME for LPs:       0.762855
DEFINE TERMINALS:        5.9e-05
STEINER SOLVER  :        0.01221
TOTAL TIME:              167.83
** SOLUTION: feasible 
56--91:1
56--182:1
32--89:3
38--143:1
89--119:1
90--91:1
90--143:3
119--182:2
23--32:2
