*** APPROXIMATION ***
INSTANCE:
V 240
E 9034
K 23

** LOG:
INDUCED EDGES:
31 257: 0
83 257: 0.289144
85 257: 0
90 257: 0
172 257: 0.374197
197 257: 0
207 257: 0.336659
ROOT GROUP: 17
OBJ:     19.9591
SOLUTION TYPE: FRACTIONAL
APPROX:           0

** TIME:
TIME for LPs:            91.4335
DEFINE TERMINALS:        0
STEINER SOLVER  :        0
TOTAL TIME:              91.4337
** SOLUTION: feasible 
10--97:3
10--134:1
10--142:1
10--226:1
12--58:3
12--72:1
14--52:2
14--84:1
16--62:6
16--172:2
18--171:3
18--203:1
18--218:3
21--48:2
21--228:3
27--45:4
27--167:1
29--43:4
29--220:1
30--43:2
30--81:6
30--219:1
33--61:4
33--181:3
35--78:2
35--121:1
36--92:2
36--165:1
38--63:1
38--87:2
45--89:1
45--107:2
45--213:1
46--87:1
48--128:4
52--153:2
56--111:1
56--161:1
58--97:4
58--200:2
59--127:3
59--200:1
59--220:1
61--194:2
62--127:1
62--228:1
63--193:3
63--196:1
63--213:2
63--226:2
65--67:2
65--78:1
65--81:1
67--69:2
67--71:1
67--150:3
69--118:3
71--200:2
72--117:1
73--98:1
73--198:3
77--115:1
77--226:1
78--115:2
81--166:1
83--202:2
83--215:1
84--127:5
84--208:3
87--194:1
89--140:5
92--219:1
93--117:4
93--166:3
98--172:1
107--153:3
107--189:1
111--113:4
112--166:5
112--198:2
113--208:1
117--172:1
117--218:2
118--163:4
118--164:4
118--169:2
119--121:2
119--134:3
119--185:1
119--219:1
128--140:4
128--163:1
140--198:2
142--153:1
142--161:2
150--202:1
153--164:3
163--215:3
163--223:6
165--207:2
167--202:5
169--184:1
171--202:3
181--231:1
184--218:1
184--229:3
185--198:6
189--229:1
193--203:1
194--215:1
196--212:1
207--208:2
212--223:1
229--231:2
