*** APPROXIMATION ***
INSTANCE:
V 140
E 2206
K 33

** LOG:
INDUCED EDGES:
45 140: 0.5
72 140: 0.5
ROOT GROUP: 0
OBJ:     98.875
SOLUTION TYPE: FRACTIONAL
APPROX:           0

** TIME:
TIME for LPs:            28.1237
DEFINE TERMINALS:        0
STEINER SOLVER  :        0
TOTAL TIME:              28.124
** SOLUTION: feasible 
1--55:11
1--94:9
1--128:8
3--13:11
3--17:3
10--105:8
10--128:9
12--14:2
12--32:9
13--79:11
14--41:4
15--37:1
17--66:2
17--110:1
18--44:1
18--122:3
31--106:1
32--138:14
33--79:5
33--106:2
37--119:2
37--136:10
39--72:5
39--89:4
41--107:2
41--109:2
44--66:4
44--105:5
45--106:1
52--80:5
52--89:5
53--106:2
53--137:2
55--59:1
59--71:15
67--136:10
67--138:5
68--98:9
71--120:12
76--122:2
79--108:2
80--109:1
88--108:3
88--110:4
88--129:5
93--109:1
94--108:1
98--129:2
119--122:5
120--129:1
129--137:1
