*** APPROXIMATION ***
INSTANCE:
V 150
E 3141
K 18

** LOG:
ROOTS/OBJ:
18: 32.4167
35: 27.75
59: 27.75
108: 28

OPT ROOT:35
OBJ:     27.75
SOLUTION TYPE: FRACTIONAL
APPROX:           54

** TIME:
AVG. TIME for LPs:       2.5397
DEFINE TERMINALS:        6.4e-05
STEINER SOLVER  :        0.009628
TOTAL TIME:              51.2228
** SOLUTION: feasible 
52--145:2
54--110:3
62--121:2
62--132:1
62--133:4
64--99:3
64--115:4
26--52:1
26--99:4
31--49:1
31--121:1
35--100:1
92--119:1
92--141:1
93--119:4
100--110:3
100--121:4
107--133:2
109--145:2
115--133:3
132--141:7
