*** APPROXIMATION ***
INSTANCE:
V 70
E 551
K 6

** LOG:
INDUCED EDGES:
8 75: 0
10 75: 0
18 75: 0
27 75: 0.5
31 75: 0.25
35 75: 0
46 75: 0
61 75: 0.25
ROOT GROUP: 5
OBJ:     20.25
SOLUTION TYPE: FRACTIONAL
APPROX:           0

** TIME:
TIME for LPs:            0.551947
DEFINE TERMINALS:        0
STEINER SOLVER  :        0
TOTAL TIME:              0.552117
** SOLUTION: feasible 
2--60:9
5--37:3
17--33:3
17--37:9
17--61:5
20--41:5
20--68:8
27--37:9
27--60:2
31--39:2
39--41:1
54--60:2
54--62:3
62--68:1
