*** APPROXIMATION ***
INSTANCE:
V 300
E 21456
K 21

** LOG:
ROOTS/OBJ:
20: 15.1516
68: 13.6815
97: 12.9615
99: 12.4941
104: 16.2326
171: 12.7671
232: 14.1462
254: 13.4881
265: 12.8667

OPT ROOT:99
OBJ:     12.4941
SOLUTION TYPE: FRACTIONAL
APPROX:           20

** TIME:
AVG. TIME for LPs:       12.7334
DEFINE TERMINALS:        0.000167
STEINER SOLVER  :        0.053927
TOTAL TIME:              1671.69
** SOLUTION: feasible 
58--66:1
58--171:1
66--276:1
82--287:1
99--160:1
99--171:2
99--223:1
99--296:1
113--117:1
113--296:1
29--97:2
29--223:1
160--228:3
160--287:1
171--280:1
227--228:1
