*** APPROXIMATION ***
INSTANCE:
V 80
E 424
K 19

** LOG:
INDUCED EDGES:
4 80: 0.5
78 80: 0.5
ROOT GROUP: 0
OBJ:     152.75
SOLUTION TYPE: FRACTIONAL
APPROX:           0

** TIME:
TIME for LPs:            1.21421
DEFINE TERMINALS:        0
STEINER SOLVER  :        0
TOTAL TIME:              1.21436
** SOLUTION: feasible 
4--62:23
6--9:28
6--68:34
7--9:13
7--21:8
7--71:8
8--28:8
8--35:38
8--46:10
9--70:14
10--53:35
10--57:25
11--32:6
11--35:9
16--26:10
16--36:11
16--45:21
21--60:13
21--77:4
26--77:6
28--30:7
28--64:3
30--60:9
32--48:13
33--45:16
33--54:19
35--78:5
36--51:8
46--75:8
48--53:9
51--68:2
54--75:3
57--68:6
62--75:2
