*** APPROXIMATION ***
INSTANCE:
V 110
E 340
K 19

** LOG:
ROOTS/OBJ:
22: 150.5
82: 151.125
94: 181.5
97: 186.5
98: 154.5

OPT ROOT:22
OBJ:     150.5
SOLUTION TYPE: FRACTIONAL
APPROX:           271

** TIME:
AVG. TIME for LPs:       0.256888
DEFINE TERMINALS:        6e-05
STEINER SOLVER  :        0.001548
TOTAL TIME:              6.149
** SOLUTION: feasible 
82--89:2
1--107:8
11--18:3
11--27:17
22--82:19
22--87:21
5--67:8
18--53:10
18--75:21
1--26:34
53--84:26
63--87:18
43--107:9
48--75:26
26--48:11
26--67:7
27--63:21
5--86:10
