*** APPROXIMATION ***
INSTANCE:
V 260
E 11935
K 57

** LOG:
ROOTS/OBJ:
27: 51.5
174: 50
239: 55.4444

OPT ROOT:174
OBJ:     50
SOLUTION TYPE: FRACTIONAL
APPROX:           92

** TIME:
AVG. TIME for LPs:       417.906
DEFINE TERMINALS:        0.000168
STEINER SOLVER  :        0.078535
TOTAL TIME:              205364
** SOLUTION: feasible 
7--64:1
7--174:1
12--223:1
15--25:2
16--25:1
16--51:3
17--20:1
17--148:3
17--213:2
17--246:1
31--64:1
42--64:1
42--139:3
48--116:1
51--171:1
57--212:2
60--157:1
60--254:2
66--139:2
66--146:1
67--213:1
70--146:2
70--201:1
90--127:2
90--157:1
92--102:3
94--97:2
97--106:2
97--148:3
102--142:1
104--166:1
104--171:1
106--142:1
111--245:2
111--246:2
114--186:2
114--195:4
116--139:1
126--152:1
126--171:2
127--151:1
0--12:1
0--84:2
0--186:2
0--254:1
148--167:3
150--156:2
150--204:1
151--167:3
152--161:2
152--213:1
156--197:2
195--201:1
197--254:2
212--230:1
212--245:1
