*** APPROXIMATION ***
INSTANCE:
V 190
E 8947
K 35

** LOG:
INDUCED EDGES:
21 190: 0.410615
51 190: 0.421397
114 190: 0
189 190: 0.167988
ROOT GROUP: 0
OBJ:     28.9117
SOLUTION TYPE: FRACTIONAL
APPROX:           0

** TIME:
TIME for LPs:            175.922
DEFINE TERMINALS:        0
STEINER SOLVER  :        0
TOTAL TIME:              175.923
** SOLUTION: feasible 
0--5:2
0--83:4
0--140:1
4--83:1
4--163:1
5--11:1
5--173:1
8--69:1
8--137:4
8--163:3
9--99:1
9--101:1
9--121:2
11--17:3
11--96:2
11--126:1
11--172:1
13--14:1
13--115:1
13--137:2
14--71:1
14--188:4
17--108:3
17--166:3
18--83:1
19--41:3
19--77:2
19--108:3
19--134:1
21--71:1
22--34:3
22--84:2
23--27:3
23--64:2
23--142:4
23--146:3
26--78:1
26--189:1
27--60:1
28--41:1
28--172:1
29--72:2
29--83:2
29--103:1
29--173:1
31--99:3
31--102:1
31--186:5
33--107:2
33--173:1
34--132:3
35--119:3
35--141:1
39--52:2
39--66:4
39--141:1
40--48:1
40--134:3
46--77:2
46--163:1
48--181:2
51--126:1
52--69:2
53--142:3
53--158:1
55--87:1
55--139:1
55--164:1
60--134:3
61--96:4
61--101:1
61--103:3
61--115:2
63--172:2
63--175:4
64--71:3
64--111:1
66--103:1
66--155:2
66--186:2
68--75:1
68--121:2
70--77:3
70--107:2
72--118:2
73--142:1
75--103:4
75--181:1
78--141:2
84--102:2
84--140:1
84--141:2
87--118:3
96--139:1
98--111:3
98--135:1
100--107:1
100--146:2
102--166:2
108--149:1
111--132:3
111--158:1
115--124:1
119--181:1
121--169:4
124--172:1
126--130:1
130--164:1
132--142:3
135--137:1
135--155:1
141--170:3
149--172:2
158--170:2
169--172:3
175--188:4
