*** APPROXIMATION ***
INSTANCE:
V 160
E 3443
K 28

** LOG:
ROOTS/OBJ:
20: 50.371
72: 51
110: 44.8

OPT ROOT:110
OBJ:     44.8
SOLUTION TYPE: FRACTIONAL
APPROX:           95

** TIME:
AVG. TIME for LPs:       10.1003
DEFINE TERMINALS:        9e-05
STEINER SOLVER  :        0.015112
TOTAL TIME:              110.876
** SOLUTION: feasible 
1--49:1
1--54:2
1--101:1
49--107:2
49--110:1
54--55:2
54--136:3
55--85:3
15--34:5
16--21:8
16--97:8
43--54:5
43--86:2
48--86:3
48--93:4
77--118:2
80--142:2
85--92:2
92--150:1
97--150:3
101--138:5
103--136:1
114--118:2
114--133:3
133--136:5
133--147:2
9--80:1
9--147:2
24--77:3
31--77:5
33--93:1
33--145:1
34--107:4
