*** APPROXIMATION ***
INSTANCE:
V 300
E 21456
K 21

** LOG:
INDUCED EDGES:
20 305: 0
68 305: 0.0128205
97 305: 0.278312
99 305: 0.099359
104 305: 0.00534188
171 305: 0.124466
232 305: 0
254 305: 0.133013
265 305: 0.346688
ROOT GROUP: 5
OBJ:     10.5561
SOLUTION TYPE: FRACTIONAL
APPROX:           0

** TIME:
TIME for LPs:            196.246
DEFINE TERMINALS:        0
STEINER SOLVER  :        0
TOTAL TIME:              196.246
** SOLUTION: feasible 
1--201:1
1--227:1
23--25:2
23--52:1
23--98:1
23--103:4
25--292:1
29--97:2
29--223:1
33--49:1
33--58:1
33--204:2
39--164:1
39--263:1
46--52:2
46--206:2
49--82:1
52--265:1
58--66:1
58--171:1
62--95:1
62--204:1
65--83:2
65--254:2
66--118:2
66--188:1
66--276:1
68--204:1
78--93:2
78--164:3
78--227:2
78--270:2
82--149:1
82--175:1
82--202:3
82--287:1
83--149:2
93--241:1
95--106:2
95--236:1
95--295:1
97--190:1
97--236:2
98--198:1
98--225:3
99--146:2
99--160:1
99--223:1
99--296:1
103--167:1
104--250:3
106--254:3
111--175:2
111--198:2
113--117:1
113--225:1
113--236:2
113--296:1
117--260:2
118--260:2
125--167:2
125--206:1
146--208:1
146--225:1
160--224:1
160--228:3
160--287:1
164--250:1
167--188:2
167--225:2
168--241:6
168--254:1
190--263:1
198--204:1
201--246:2
202--289:1
208--227:2
223--272:1
225--289:3
227--228:1
236--287:1
246--265:2
270--292:3
