*** APPROXIMATION ***
INSTANCE:
V 130
E 2202
K 20

** LOG:
INDUCED EDGES:
74 146: 0.5
111 146: 0.5
127 146: 0
128 146: 0
ROOT GROUP: 16
OBJ:     28
SOLUTION TYPE: FRACTIONAL
APPROX:           0

** TIME:
TIME for LPs:            8.58533
DEFINE TERMINALS:        0
STEINER SOLVER  :        0
TOTAL TIME:              8.58556
** SOLUTION: feasible 
17--39:3
6--25:3
6--103:3
12--119:1
13--110:1
16--26:2
16--69:1
17--25:1
17--59:4
17--69:5
22--25:2
25--67:1
25--74:2
26--80:3
26--102:2
35--82:2
39--41:2
39--118:5
41--64:4
41--111:6
59--117:5
64--96:4
64--123:3
72--80:2
72--111:6
72--123:1
82--96:1
82--117:1
103--109:5
109--119:2
110--117:1
117--119:3
118--119:6
