*** APPROXIMATION ***
INSTANCE:
V 280
E 17251
K 26

** LOG:
ROOTS/OBJ:
33: 17.5452
55: 18.0806
99: 17.3541
188: 20.8793
191: 17.125
239: 16.1083

OPT ROOT:239
OBJ:     16.1083
SOLUTION TYPE: FRACTIONAL
APPROX:           29

** TIME:
AVG. TIME for LPs:       40.5826
DEFINE TERMINALS:        0.000108
STEINER SOLVER  :        0.058503
TOTAL TIME:              1456.22
** SOLUTION: feasible 
73--123:2
73--139:1
36--151:1
42--86:2
46--135:1
10--20:1
10--22:2
22--46:1
22--152:2
79--230:3
86--239:1
100--156:1
100--180:2
123--275:1
135--156:1
139--152:2
151--275:3
156--230:1
180--239:1
