*** APPROXIMATION ***
INSTANCE:
V 190
E 8947
K 35

** LOG:
ROOTS/OBJ:
21: 30.8102
51: 30.8719
114: 34.299
189: 31.9902

OPT ROOT:21
OBJ:     30.8102
SOLUTION TYPE: FRACTIONAL
APPROX:           57

** TIME:
AVG. TIME for LPs:       36.5401
DEFINE TERMINALS:        0.000102
STEINER SOLVER  :        0.040398
TOTAL TIME:              629.448
** SOLUTION: feasible 
0--5:2
0--140:1
4--83:1
4--163:1
5--11:1
5--124:1
8--51:3
9--99:1
9--101:1
11--96:2
11--126:1
45--71:2
45--189:2
46--163:1
51--126:1
55--139:1
61--67:2
61--101:1
61--115:2
64--111:1
67--111:1
73--142:1
84--140:1
84--141:2
96--139:1
98--111:3
111--158:1
115--124:1
119--181:1
13--14:1
13--115:1
14--71:1
18--83:1
21--71:1
21--163:2
23--64:2
23--142:4
35--119:3
35--141:1
