*** APPROXIMATION ***
INSTANCE:
V 180
E 6883
K 34

** LOG:
ROOTS/OBJ:
61: 30.2738
117: 27.7864
141: 30.045
161: 27.425

OPT ROOT:161
OBJ:     27.425
SOLUTION TYPE: FRACTIONAL
APPROX:           61

** TIME:
AVG. TIME for LPs:       25.9425
DEFINE TERMINALS:        0.000124
STEINER SOLVER  :        0.033985
TOTAL TIME:              481.077
** SOLUTION: feasible 
29--109:1
29--164:1
31--58:2
31--161:3
33--50:1
33--78:1
33--163:1
70--174:2
73--99:3
82--176:2
91--99:2
91--127:2
11--41:1
11--58:2
11--116:1
11--176:2
17--118:1
0--70:1
0--98:3
38--78:1
38--102:2
38--179:1
41--101:2
50--113:2
55--73:1
55--126:1
55--163:1
56--164:2
56--174:1
57--127:1
57--152:3
98--154:1
101--123:1
102--116:3
102--118:3
104--123:1
118--174:2
