*** APPROXIMATION ***
INSTANCE:
V 250
E 2409
K 29

** LOG:
ROOTS/OBJ:
49: 122.324
101: 119.125
113: 107.712
200: 105.18

OPT ROOT:200
OBJ:     105.18
SOLUTION TYPE: FRACTIONAL
APPROX:           184

** TIME:
AVG. TIME for LPs:       14.6857
DEFINE TERMINALS:        9.5e-05
STEINER SOLVER  :        0.009057
TOTAL TIME:              274.333
** SOLUTION: feasible 
4--24:3
4--130:3
4--236:10
65--73:4
65--172:9
76--211:9
87--138:2
87--159:2
40--87:9
40--131:6
62--106:5
62--131:2
98--177:11
106--206:7
112--130:4
112--233:11
0--87:7
30--98:3
30--158:7
17--24:7
17--105:1
131--200:12
141--158:1
141--211:17
143--210:3
145--200:12
172--177:2
172--181:1
206--210:2
210--211:11
210--233:1
