*** APPROXIMATION ***
INSTANCE:
V 240
E 9034
K 23

** LOG:
ROOTS/OBJ:
31: 22.9427
83: 21.6856
85: 26.9947
90: 24.3331
172: 22.1366
197: 23.3816
207: 22.3579

OPT ROOT:83
OBJ:     21.6856
SOLUTION TYPE: FRACTIONAL
APPROX:           42

** TIME:
AVG. TIME for LPs:       13.6078
DEFINE TERMINALS:        0.000122
STEINER SOLVER  :        0.028461
TOTAL TIME:              719.44
** SOLUTION: feasible 
30--219:1
36--92:2
36--165:1
48--93:1
48--128:4
83--202:2
83--215:1
83--219:3
92--219:1
118--163:4
118--164:4
128--163:1
142--153:1
150--202:1
153--164:3
163--215:3
165--207:2
171--202:3
67--71:1
67--150:3
