*** APPROXIMATION ***
INSTANCE:
V 90
E 439
K 18

** LOG:
INDUCED EDGES:
6 90: 0.5
40 90: 0.5
47 90: 0
ROOT GROUP: 0
OBJ:     125
SOLUTION TYPE: FRACTIONAL
APPROX:           0

** TIME:
TIME for LPs:            1.26471
DEFINE TERMINALS:        0
STEINER SOLVER  :        0
TOTAL TIME:              1.2649
** SOLUTION: feasible 
3--16:17
3--28:5
3--37:36
5--8:9
5--31:31
5--69:8
6--69:8
8--43:14
13--14:32
13--43:16
14--88:21
16--55:11
18--22:7
18--65:13
18--84:44
21--48:21
21--75:8
21--85:7
22--37:9
28--38:3
28--40:11
31--48:5
31--85:26
31--89:13
35--53:27
35--89:18
37--44:5
37--75:8
43--44:19
48--88:21
53--65:18
55--88:3
69--84:16
70--84:9
81--85:11
