*** APPROXIMATION ***
INSTANCE:
V 220
E 10254
K 47

** LOG:
INDUCED EDGES:
83 220: 0.5
204 220: 0.5
122 220: 0
ROOT GROUP: 0
OBJ:     44.0714
SOLUTION TYPE: FRACTIONAL
APPROX:           0

** TIME:
TIME for LPs:            50988.5
DEFINE TERMINALS:        0
STEINER SOLVER  :        0
TOTAL TIME:              50988.5
** SOLUTION: feasible 
8--17:2
8--216:2
13--63:1
13--136:1
15--69:2
15--200:4
17--34:1
17--154:1
18--59:3
18--200:2
19--160:2
19--192:2
20--36:1
20--157:1
23--26:1
23--142:1
26--109:2
27--70:2
27--117:1
29--30:2
29--91:1
29--132:1
30--49:1
34--85:1
36--98:3
36--142:2
37--48:2
37--83:3
37--174:2
38--145:1
38--216:1
40--132:3
40--163:1
43--116:2
43--209:1
43--219:4
47--63:1
47--72:3
48--136:1
48--203:2
48--206:2
49--171:1
50--75:3
50--154:2
50--178:2
51--72:1
54--83:3
54--144:3
56--79:1
56--177:2
57--108:1
57--149:2
59--67:1
59--209:3
62--103:1
62--143:3
62--190:1
65--87:2
65--158:3
66--69:1
66--83:1
67--72:2
67--98:2
67--174:3
69--96:3
70--160:2
75--136:3
76--93:4
76--173:2
79--216:1
82--87:1
82--204:2
83--202:1
85--103:2
85--206:3
90--96:2
90--174:1
91--130:2
92--166:2
92--173:1
93--97:1
93--108:2
97--163:1
98--117:3
98--196:3
98--219:2
103--109:6
107--132:5
107--156:2
107--173:5
108--128:2
108--143:1
109--166:5
116--146:1
117--146:1
128--205:3
130--153:1
132--205:2
134--174:1
134--200:1
136--183:2
136--211:1
141--177:4
141--196:4
144--178:1
145--192:1
149--202:2
153--216:1
156--204:5
157--219:2
158--183:5
158--210:5
171--210:1
190--192:3
