*** APPROXIMATION ***
INSTANCE:
V 80
E 424
K 19

** LOG:
ROOTS/OBJ:
4: 172.5
78: 155.25

OPT ROOT:78
OBJ:     155.25
SOLUTION TYPE: FRACTIONAL
APPROX:           216

** TIME:
AVG. TIME for LPs:       0.610126
DEFINE TERMINALS:        3.2e-05
STEINER SOLVER  :        0.002054
TOTAL TIME:              2.77185
** SOLUTION: feasible 
54--75:3
57--68:6
7--28:9
7--71:8
8--28:8
8--46:10
10--57:25
35--78:5
36--51:8
43--54:10
46--75:8
51--68:2
16--26:10
16--36:11
16--45:21
28--30:7
28--64:3
30--60:9
33--45:16
33--54:19
35--43:18
