*** APPROXIMATION ***
INSTANCE:
V 130
E 2202
K 20

** LOG:
ROOTS/OBJ:
74: 30
111: 30.75
127: 38.5
128: 36.5

OPT ROOT:74
OBJ:     30
SOLUTION TYPE: FRACTIONAL
APPROX:           51

** TIME:
AVG. TIME for LPs:       1.81282
DEFINE TERMINALS:        6.2e-05
STEINER SOLVER  :        0.006053
TOTAL TIME:              27.3422
** SOLUTION: feasible 
12--106:5
39--41:2
39--118:5
41--64:4
15--105:2
15--106:3
16--26:2
16--69:1
17--25:1
17--39:3
6--25:3
22--25:2
25--74:2
26--80:3
118--119:6
64--123:3
72--80:2
72--123:1
12--119:1
