*** APPROXIMATION ***
INSTANCE:
V 210
E 8075
K 17

** LOG:
ROOTS/OBJ:
27: 17.7721
30: 20.6516
101: 20
115: 17.9286
156: 20.4
164: 18.875
178: 18.5

OPT ROOT:27
OBJ:     17.7721
SOLUTION TYPE: FRACTIONAL
APPROX:           29

** TIME:
AVG. TIME for LPs:       4.68446
DEFINE TERMINALS:        8.5e-05
STEINER SOLVER  :        0.020505
TOTAL TIME:              225.008
** SOLUTION: feasible 
19--32:2
27--78:3
27--132:3
27--153:1
29--143:1
32--155:1
16--19:2
16--153:1
54--143:2
60--88:3
60--143:1
60--145:1
63--81:1
78--81:1
81--135:3
83--88:1
135--168:1
143--168:1
