*** OPTIMAL SOLUTION ***
** INSTANCE:
V 140
E 2206
K 33

** LOG:
ROOTS/OBJ:
45: 135
72: 140

OPT ROOT:      45
SOLUTION TYPE: INTEGRAL
OPTIMAL VALUE: 135
TOTAL TIME:    162877
** SOLUTION: feasible
1--33:5
1--55:11
10--105:8
12--14:2
12--32:9
14--37:5
14--41:4
15--37:1
18--44:1
18--122:3
24--28:2
27--76:1
27--84:2
28--119:2
31--106:1
33--106:2
37--119:2
41--107:2
41--109:2
42--129:5
44--66:4
44--105:5
45--106:1
52--80:5
53--106:2
53--137:2
55--59:1
58--80:1
58--138:1
67--138:5
68--98:9
76--122:2
80--109:1
84--137:3
88--129:5
93--109:1
98--129:2
102--129:8
119--122:5
120--129:1
129--137:1
